/*C4*/SET SCHEMA PUBLIC
DISCONNECT
/*C5*/SET SCHEMA PUBLIC
DISCONNECT
/*C7*/SET SCHEMA PUBLIC
DISCONNECT
/*C6*/SET SCHEMA PUBLIC
DISCONNECT
/*C9*/SET SCHEMA PUBLIC
DISCONNECT
/*C10*/SET SCHEMA PUBLIC
DISCONNECT
/*C11*/SET SCHEMA PUBLIC
DISCONNECT
/*C8*/SET SCHEMA PUBLIC
INSERT INTO PRODUCTS VALUES(1,2,'AK-47 Dragon',18.94E0,'steamuserimages-a.akamaihd.net/ugc/442856965051198736/68AA00BC67F3FA9BED1653768FB103E4725D0C7C/','2021-06-03','Counter Strike Global Ofensive')
COMMIT
/*C12*/SET SCHEMA PUBLIC
DISCONNECT
/*C8*/DELETE FROM PRODUCTS WHERE ID_PRODUCT=1 AND ID_USER=2 AND TITLE='AK-47 Dragon' AND PRICE=18.94E0 AND IMAGE='steamuserimages-a.akamaihd.net/ugc/442856965051198736/68AA00BC67F3FA9BED1653768FB103E4725D0C7C/' AND CREATE_DATE='2021-06-03' AND GAME='Counter Strike Global Ofensive'
DELETE FROM PRODUCTS WHERE ID_PRODUCT=1 AND ID_USER=2 AND TITLE='AK-47 Dragon' AND PRICE=18.94E0 AND IMAGE='steamuserimages-a.akamaihd.net/ugc/442856965051198736/68AA00BC67F3FA9BED1653768FB103E4725D0C7C/' AND CREATE_DATE='2021-06-03' AND GAME='Counter Strike Global Ofensive'
COMMIT
INSERT INTO PRODUCTS VALUES(1,2,'AK-47 Dragon',18.94E0,'steamuserimages-a.akamaihd.net/ugc/442856965051198736/68AA00BC67F3FA9BED1653768FB103E4725D0C7C/','2021-06-03','Counter Strike Global Ofensive')
COMMIT
/*C13*/SET SCHEMA PUBLIC
DISCONNECT
/*C15*/SET SCHEMA PUBLIC
INSERT INTO PRODUCTS VALUES(NULL,2,'M4A1 Flame',15.65E0,'steamuserimages-a.akamaihd.net/ugc/793113174015438479/2F62E72A8584D4D86D0ADFD6E1D9E0BC69323A70/','2021-06-03','Counter Strike Global Ofensive')
COMMIT
/*C8*/drop table products
CREATE TABLE Products(\u000a    id_product int,\u000a    user int,\u000a    title varchar(255),\u000a    price double,\u000a    image varchar(255),\u000a    create_date date,\u000a    game varchar(255),\u000aPRIMARY KEY (id_product)\u000a)
INSERT INTO PRODUCTS VALUES(1,2,'AK-47 Dragon',18.94E0,'steamuserimages-a.akamaihd.net/ugc/442856965051198736/68AA00BC67F3FA9BED1653768FB103E4725D0C7C/','2021-06-03','Counter Strike Global Ofensive')
COMMIT
INSERT INTO PRODUCTS VALUES(2,2,'M4A1-S Cammo',21.32E0,'steamuserimages-a.akamaihd.net/ugc/1744562211754020108/0E884156E6193A4A683B233AC43B365A4EA8130B/','2021-06-03','Counter Strike Global Ofensive')
COMMIT
drop table users
CREATE MEMORY TABLE PUBLIC.USERS(ID_USER INTEGER not null,\u000aUSERNAME VARCHAR(100),\u000aPASSWORD VARCHAR(100),\u000aPRIMARY KEY (id_user))
INSERT INTO USERS VALUES(1,'admin','admin')
COMMIT
INSERT INTO USERS VALUES(2,'lucas','lucas')
COMMIT
INSERT INTO USERS VALUES(3,'marcony','marcony')
COMMIT
drop table products
CREATE TABLE Products(\u000a    id_product int,\u000a    id_user int,\u000a    title varchar(255),\u000a    price double,\u000a    image varchar(255),\u000a    create_date date,\u000a    game varchar(255),\u000aPRIMARY KEY (id_product)\u000a)
INSERT INTO PRODUCTS VALUES(1,2,'AK-47 Dragon',18.94E0,'steamuserimages-a.akamaihd.net/ugc/442856965051198736/68AA00BC67F3FA9BED1653768FB103E4725D0C7C/','2021-06-03','Counter Strike Global Ofensive')
COMMIT
INSERT INTO PRODUCTS VALUES(2,2,'M4A1-S Cammo',21.32E0,'steamuserimages-a.akamaihd.net/ugc/1744562211754020108/0E884156E6193A4A683B233AC43B365A4EA8130B/','2021-06-03','Counter Strike Global Ofensive')
COMMIT
/*C14*/SET SCHEMA PUBLIC
DISCONNECT
/*C15*/DISCONNECT
/*C16*/SET SCHEMA PUBLIC
DISCONNECT
/*C17*/SET SCHEMA PUBLIC
DISCONNECT
/*C8*/drop table products
CREATE TABLE Products(\u000a    id_product int identity not null,\u000a    id_user int,\u000a    title varchar(255),\u000a    price double,\u000a    image varchar(255),\u000a    create_date date,\u000a    game varchar(255)\u000a)
INSERT INTO PRODUCTS VALUES(1,2,'AK-47 Dragon',18.94E0,'steamuserimages-a.akamaihd.net/ugc/442856965051198736/68AA00BC67F3FA9BED1653768FB103E4725D0C7C/','2021-06-03','Counter Strike Global Ofensive')
COMMIT
INSERT INTO PRODUCTS VALUES(2,2,'M4A1-S Cammo',21.32E0,'steamuserimages-a.akamaihd.net/ugc/1744562211754020108/0E884156E6193A4A683B233AC43B365A4EA8130B/','2021-06-03','Counter Strike Global Ofensive')
COMMIT
/*C18*/SET SCHEMA PUBLIC
DISCONNECT
/*C8*/drop table users
CREATE MEMORY TABLE PUBLIC.USERS(ID_USER INTEGER identity not null,\u000aUSERNAME VARCHAR(100),\u000aPASSWORD VARCHAR(100),\u000aPRIMARY KEY (id_user))
INSERT INTO USERS VALUES(1,'admin','admin')
COMMIT
INSERT INTO USERS VALUES(2,'lucas','lucas')
COMMIT
INSERT INTO USERS VALUES(3,'marcony','marcony')
COMMIT
/*C19*/SET SCHEMA PUBLIC
INSERT INTO PRODUCTS VALUES(3,2,'M4A1 Flame',15.65E0,'https://s2.glbimg.com/GMujg7unRCqWZ605YF0R3M8iKnA=/0x0:1920x1038/984x0/smart/filters:strip_icc()/i.s3.glbimg.com/v1/AUTH_08fbf48bc0524877943fe86e43087e7a/internal_photos/bs/2020/O/Q/qBAalTSFS2x8LMZ1ZJ2g/m4a4howl.png','2021-06-04','Counter Strike Global Ofensive')
COMMIT
/*C8*/DISCONNECT
/*C19*/DISCONNECT
